{"contracts/PoolParty.sol":{"l":{"39":80,"41":68,"42":68,"44":68},"path":"/Users/chadchillbro7/80trill/repo/poolparty/contracts/PoolParty.sol","s":{"1":80,"2":68,"3":68,"4":68},"b":{},"f":{"1":35,"2":80},"fnMap":{"1":{"name":null,"line":26,"loc":{"start":{"line":26,"column":4},"end":{"line":26,"column":22}}},"2":{"name":"createPool","line":38,"loc":{"start":{"line":38,"column":4},"end":{"line":38,"column":119}}}},"statementMap":{"1":{"start":{"line":39,"column":8},"end":{"line":39,"column":75}},"2":{"start":{"line":41,"column":8},"end":{"line":41,"column":32}},"3":{"start":{"line":42,"column":8},"end":{"line":42,"column":37}},"4":{"start":{"line":44,"column":8},"end":{"line":44,"column":48}}},"branchMap":{}},"contracts/pools/Admin.sol":{"l":{"16":83,"17":83,"18":90,"19":78,"20":78,"23":83,"24":78,"30":80,"31":80,"32":80,"34":80,"36":158,"37":78,"40":158,"41":1,"42":1,"45":157,"46":80,"47":1,"48":1,"52":80,"53":79,"54":78,"55":76,"62":76},"path":"/Users/chadchillbro7/80trill/repo/poolparty/contracts/pools/Admin.sol","s":{"1":83,"2":83,"3":90,"4":78,"5":83,"6":80,"7":80,"8":80,"9":80,"10":158,"11":78,"12":158,"13":1,"14":157,"15":80,"16":1,"17":80,"18":79,"19":78,"20":76},"b":{"1":[78,12],"2":[78,5],"3":[78,80],"4":[1,157],"5":[1,79],"6":[79,1],"7":[78,1],"8":[76,2]},"f":{"1":83,"2":80,"3":76},"fnMap":{"1":{"name":"isAdmin","line":15,"loc":{"start":{"line":15,"column":4},"end":{"line":15,"column":20}}},"2":{"name":"isValidAdminsList","line":29,"loc":{"start":{"line":29,"column":4},"end":{"line":29,"column":53}}},"3":{"name":"createAdminsForPool","line":61,"loc":{"start":{"line":61,"column":4},"end":{"line":61,"column":97}}}},"statementMap":{"1":{"start":{"line":16,"column":8},"end":{"line":16,"column":25}},"2":{"start":{"line":17,"column":8},"end":{"line":17,"column":360}},"3":{"start":{"line":18,"column":12},"end":{"line":18,"column":419}},"4":{"start":{"line":19,"column":16},"end":{"line":19,"column":27}},"5":{"start":{"line":23,"column":8},"end":{"line":23,"column":21}},"6":{"start":{"line":30,"column":8},"end":{"line":30,"column":34}},"7":{"start":{"line":31,"column":8},"end":{"line":31,"column":36}},"8":{"start":{"line":32,"column":8},"end":{"line":32,"column":34}},"9":{"start":{"line":34,"column":8},"end":{"line":34,"column":927}},"10":{"start":{"line":36,"column":12},"end":{"line":36,"column":994}},"11":{"start":{"line":37,"column":16},"end":{"line":37,"column":36}},"12":{"start":{"line":40,"column":12},"end":{"line":40,"column":1096}},"13":{"start":{"line":41,"column":16},"end":{"line":41,"column":38}},"14":{"start":{"line":45,"column":12},"end":{"line":45,"column":1225}},"15":{"start":{"line":46,"column":16},"end":{"line":46,"column":1299}},"16":{"start":{"line":47,"column":20},"end":{"line":47,"column":40}},"17":{"start":{"line":52,"column":8},"end":{"line":52,"column":31}},"18":{"start":{"line":53,"column":8},"end":{"line":53,"column":33}},"19":{"start":{"line":54,"column":8},"end":{"line":54,"column":30}},"20":{"start":{"line":62,"column":8},"end":{"line":62,"column":29}}},"branchMap":{"1":{"line":18,"type":"if","locations":[{"start":{"line":18,"column":12},"end":{"line":18,"column":12}},{"start":{"line":18,"column":12},"end":{"line":18,"column":12}}]},"2":{"line":23,"type":"if","locations":[{"start":{"line":23,"column":8},"end":{"line":23,"column":8}},{"start":{"line":23,"column":8},"end":{"line":23,"column":8}}]},"3":{"line":36,"type":"if","locations":[{"start":{"line":36,"column":12},"end":{"line":36,"column":12}},{"start":{"line":36,"column":12},"end":{"line":36,"column":12}}]},"4":{"line":40,"type":"if","locations":[{"start":{"line":40,"column":12},"end":{"line":40,"column":12}},{"start":{"line":40,"column":12},"end":{"line":40,"column":12}}]},"5":{"line":46,"type":"if","locations":[{"start":{"line":46,"column":16},"end":{"line":46,"column":16}},{"start":{"line":46,"column":16},"end":{"line":46,"column":16}}]},"6":{"line":52,"type":"if","locations":[{"start":{"line":52,"column":8},"end":{"line":52,"column":8}},{"start":{"line":52,"column":8},"end":{"line":52,"column":8}}]},"7":{"line":53,"type":"if","locations":[{"start":{"line":53,"column":8},"end":{"line":53,"column":8}},{"start":{"line":53,"column":8},"end":{"line":53,"column":8}}]},"8":{"line":54,"type":"if","locations":[{"start":{"line":54,"column":8},"end":{"line":54,"column":8}},{"start":{"line":54,"column":8},"end":{"line":54,"column":8}}]}}},"contracts/pools/Config.sol":{"l":{"55":3,"56":2,"58":1,"59":1,"81":76,"82":74,"85":72,"86":72,"87":72,"88":72,"89":72,"91":72,"92":72,"95":72,"96":71,"97":70,"100":69,"101":69},"path":"/Users/chadchillbro7/80trill/repo/poolparty/contracts/pools/Config.sol","s":{"1":3,"2":2,"3":1,"4":1,"5":76,"6":74,"7":72,"8":72,"9":72,"10":72,"11":72,"12":72,"13":72,"14":72,"15":71,"16":70,"17":69,"18":69},"b":{"1":[2,1],"2":[1,1],"3":[74,2],"4":[72,2],"5":[71,1],"6":[70,1],"7":[69,1],"8":[68,1]},"f":{"1":3,"2":76},"fnMap":{"1":{"name":"setMinMaxContribution","line":54,"loc":{"start":{"line":54,"column":4},"end":{"line":54,"column":93}}},"2":{"name":"createConfigsForPool","line":80,"loc":{"start":{"line":80,"column":4},"end":{"line":80,"column":88}}}},"statementMap":{"1":{"start":{"line":55,"column":8},"end":{"line":55,"column":37}},"2":{"start":{"line":56,"column":8},"end":{"line":56,"column":28}},"3":{"start":{"line":58,"column":8},"end":{"line":58,"column":29}},"4":{"start":{"line":59,"column":8},"end":{"line":59,"column":29}},"5":{"start":{"line":81,"column":8},"end":{"line":81,"column":61}},"6":{"start":{"line":82,"column":8},"end":{"line":82,"column":55}},"7":{"start":{"line":85,"column":8},"end":{"line":85,"column":74}},"8":{"start":{"line":86,"column":8},"end":{"line":86,"column":78}},"9":{"start":{"line":87,"column":8},"end":{"line":87,"column":78}},"10":{"start":{"line":88,"column":8},"end":{"line":88,"column":102}},"11":{"start":{"line":89,"column":8},"end":{"line":89,"column":85}},"12":{"start":{"line":91,"column":8},"end":{"line":91,"column":66}},"13":{"start":{"line":92,"column":8},"end":{"line":92,"column":85}},"14":{"start":{"line":95,"column":8},"end":{"line":95,"column":72}},"15":{"start":{"line":96,"column":8},"end":{"line":96,"column":48}},"16":{"start":{"line":97,"column":8},"end":{"line":97,"column":50}},"17":{"start":{"line":100,"column":8},"end":{"line":100,"column":70}},"18":{"start":{"line":101,"column":8},"end":{"line":101,"column":57}}},"branchMap":{"1":{"line":55,"type":"if","locations":[{"start":{"line":55,"column":8},"end":{"line":55,"column":8}},{"start":{"line":55,"column":8},"end":{"line":55,"column":8}}]},"2":{"line":56,"type":"if","locations":[{"start":{"line":56,"column":8},"end":{"line":56,"column":8}},{"start":{"line":56,"column":8},"end":{"line":56,"column":8}}]},"3":{"line":81,"type":"if","locations":[{"start":{"line":81,"column":8},"end":{"line":81,"column":8}},{"start":{"line":81,"column":8},"end":{"line":81,"column":8}}]},"4":{"line":82,"type":"if","locations":[{"start":{"line":82,"column":8},"end":{"line":82,"column":8}},{"start":{"line":82,"column":8},"end":{"line":82,"column":8}}]},"5":{"line":95,"type":"if","locations":[{"start":{"line":95,"column":8},"end":{"line":95,"column":8}},{"start":{"line":95,"column":8},"end":{"line":95,"column":8}}]},"6":{"line":96,"type":"if","locations":[{"start":{"line":96,"column":8},"end":{"line":96,"column":8}},{"start":{"line":96,"column":8},"end":{"line":96,"column":8}}]},"7":{"line":97,"type":"if","locations":[{"start":{"line":97,"column":8},"end":{"line":97,"column":8}},{"start":{"line":97,"column":8},"end":{"line":97,"column":8}}]},"8":{"line":101,"type":"if","locations":[{"start":{"line":101,"column":8},"end":{"line":101,"column":8}},{"start":{"line":101,"column":8},"end":{"line":101,"column":8}}]}}},"contracts/pools/Pool.sol":{"l":{"43":14,"44":12,"50":92,"51":91,"52":91,"54":91,"55":90,"56":89,"57":88,"62":56,"63":53,"85":80,"87":80,"88":76,"90":68,"91":30,"94":68,"95":68,"96":68,"97":68,"103":95,"115":88,"116":75,"117":75,"120":88,"122":88,"130":7,"131":7,"132":7,"140":37,"141":37,"142":37,"151":6,"152":6,"153":6,"159":6,"170":17,"171":11,"174":17,"175":7,"180":16,"181":16,"183":15,"185":15,"197":5,"198":6,"199":4,"200":4,"201":4,"202":4,"206":5,"207":2,"210":5,"220":11,"222":11,"223":9,"226":11,"227":10,"229":10,"231":10,"242":1,"243":1,"253":3,"254":3,"255":3,"264":1,"273":1,"275":1,"276":4,"280":4,"281":4,"283":4,"284":3,"285":3,"289":1,"302":4,"303":1,"305":3,"307":2,"309":2,"310":10,"313":10,"314":10,"316":10,"317":9,"318":9,"320":9,"321":9,"324":2,"336":47,"337":55,"338":55,"340":55,"341":58,"342":58,"344":58,"345":58,"346":58,"348":58,"349":52,"350":52,"351":52,"353":51,"356":57,"367":9,"368":1,"369":5,"372":5,"374":5,"375":5,"378":1,"379":1,"381":8,"383":8,"385":8,"386":7,"388":7,"398":11,"399":15,"401":15,"402":14,"404":14,"405":14,"406":14,"408":14},"path":"/Users/chadchillbro7/80trill/repo/poolparty/contracts/pools/Pool.sol","s":{"1":14,"2":92,"3":91,"4":91,"5":91,"6":90,"7":89,"8":56,"9":80,"10":80,"11":76,"12":68,"13":30,"14":68,"15":68,"16":68,"17":68,"18":95,"19":88,"20":75,"21":88,"22":88,"23":7,"24":7,"25":7,"26":37,"27":37,"28":37,"29":6,"30":6,"31":6,"32":6,"33":17,"34":11,"35":17,"36":7,"37":16,"38":16,"39":15,"40":5,"41":6,"42":4,"43":5,"44":2,"45":5,"46":11,"47":11,"48":9,"49":11,"50":10,"51":10,"52":1,"53":1,"54":3,"55":3,"56":3,"57":1,"58":1,"59":1,"60":4,"61":4,"62":4,"63":4,"64":3,"65":1,"66":4,"67":1,"68":3,"69":2,"70":2,"71":10,"72":10,"73":10,"74":10,"75":9,"76":9,"77":9,"78":2,"79":47,"80":55,"81":55,"82":55,"83":58,"84":58,"85":58,"86":58,"87":58,"88":58,"89":52,"90":52,"91":52,"92":51,"93":57,"94":9,"95":1,"96":5,"97":5,"98":5,"99":5,"100":1,"101":1,"102":8,"103":8,"104":8,"105":7,"106":11,"107":15,"108":15,"109":14,"110":14,"111":14,"112":14},"b":{"1":[12,2],"2":[91,1],"3":[90,1],"4":[89,1],"5":[88,1],"6":[53,3],"7":[30,38],"8":[75,13],"9":[11,6],"10":[6,1],"11":[15,1],"12":[4,2],"13":[2,3],"14":[9,2],"15":[10,1],"16":[3,1],"17":[1,3],"18":[2,1],"19":[9,1],"20":[52,6],"21":[51,1],"22":[1,8],"23":[7,1],"24":[14,1]},"f":{"1":14,"2":92,"3":56,"4":80,"5":95,"6":88,"7":7,"8":37,"9":6,"10":6,"11":17,"12":5,"13":11,"14":1,"15":3,"16":1,"17":1,"18":4,"19":47,"20":9,"21":11},"fnMap":{"1":{"name":"isOwner","line":42,"loc":{"start":{"line":42,"column":4},"end":{"line":42,"column":20}}},"2":{"name":"poolConfigCompliant","line":49,"loc":{"start":{"line":49,"column":4},"end":{"line":49,"column":32}}},"3":{"name":"userHasFundedPool","line":61,"loc":{"start":{"line":61,"column":4},"end":{"line":61,"column":43}}},"4":{"name":null,"line":84,"loc":{"start":{"line":84,"column":4},"end":{"line":84,"column":105}}},"5":{"name":null,"line":102,"loc":{"start":{"line":102,"column":4},"end":{"line":102,"column":27}}},"6":{"name":"deposit","line":114,"loc":{"start":{"line":114,"column":4},"end":{"line":114,"column":103}}},"7":{"name":"refund","line":129,"loc":{"start":{"line":129,"column":4},"end":{"line":129,"column":73}}},"8":{"name":"claim","line":139,"loc":{"start":{"line":139,"column":4},"end":{"line":139,"column":55}}},"9":{"name":"claimAddress","line":150,"loc":{"start":{"line":150,"column":4},"end":{"line":150,"column":77}}},"10":{"name":"claimAllAddresses","line":158,"loc":{"start":{"line":158,"column":4},"end":{"line":158,"column":37}}},"11":{"name":"addToken","line":169,"loc":{"start":{"line":169,"column":4},"end":{"line":169,"column":79}}},"12":{"name":"removeToken","line":196,"loc":{"start":{"line":196,"column":4},"end":{"line":196,"column":72}}},"13":{"name":"transferWei","line":219,"loc":{"start":{"line":219,"column":4},"end":{"line":219,"column":72}}},"14":{"name":"removeAddressFromWhitelistAndRefund","line":241,"loc":{"start":{"line":241,"column":4},"end":{"line":241,"column":121}}},"15":{"name":"refundAddress","line":252,"loc":{"start":{"line":252,"column":4},"end":{"line":252,"column":103}}},"16":{"name":"refundAll","line":263,"loc":{"start":{"line":263,"column":4},"end":{"line":263,"column":49}}},"17":{"name":"projectRefund","line":272,"loc":{"start":{"line":272,"column":4},"end":{"line":272,"column":71}}},"18":{"name":"setMaxAllocation","line":301,"loc":{"start":{"line":301,"column":4},"end":{"line":301,"column":77}}},"19":{"name":"claimAddresses","line":335,"loc":{"start":{"line":335,"column":4},"end":{"line":335,"column":68}}},"20":{"name":"payOutAdminFee","line":366,"loc":{"start":{"line":366,"column":4},"end":{"line":366,"column":70}}},"21":{"name":"refundInternal","line":397,"loc":{"start":{"line":397,"column":4},"end":{"line":397,"column":56}}}},"statementMap":{"1":{"start":{"line":43,"column":8},"end":{"line":43,"column":35}},"2":{"start":{"line":50,"column":8},"end":{"line":50,"column":29}},"3":{"start":{"line":51,"column":8},"end":{"line":51,"column":43}},"4":{"start":{"line":52,"column":8},"end":{"line":52,"column":59}},"5":{"start":{"line":54,"column":8},"end":{"line":54,"column":42}},"6":{"start":{"line":55,"column":8},"end":{"line":55,"column":41}},"7":{"start":{"line":56,"column":8},"end":{"line":56,"column":41}},"8":{"start":{"line":62,"column":8},"end":{"line":62,"column":35}},"9":{"start":{"line":85,"column":8},"end":{"line":85,"column":24}},"10":{"start":{"line":87,"column":8},"end":{"line":87,"column":35}},"11":{"start":{"line":88,"column":8},"end":{"line":88,"column":58}},"12":{"start":{"line":90,"column":8},"end":{"line":90,"column":3936}},"13":{"start":{"line":91,"column":11},"end":{"line":91,"column":49}},"14":{"start":{"line":94,"column":8},"end":{"line":94,"column":29}},"15":{"start":{"line":95,"column":8},"end":{"line":95,"column":36}},"16":{"start":{"line":96,"column":8},"end":{"line":96,"column":23}},"17":{"start":{"line":97,"column":8},"end":{"line":97,"column":25}},"18":{"start":{"line":103,"column":8},"end":{"line":103,"column":26}},"19":{"start":{"line":115,"column":8},"end":{"line":115,"column":4997}},"20":{"start":{"line":117,"column":12},"end":{"line":117,"column":33}},"21":{"start":{"line":120,"column":8},"end":{"line":120,"column":55}},"22":{"start":{"line":122,"column":8},"end":{"line":122,"column":43}},"23":{"start":{"line":130,"column":8},"end":{"line":130,"column":50}},"24":{"start":{"line":131,"column":8},"end":{"line":131,"column":28}},"25":{"start":{"line":132,"column":8},"end":{"line":132,"column":28}},"26":{"start":{"line":140,"column":8},"end":{"line":140,"column":50}},"27":{"start":{"line":141,"column":8},"end":{"line":141,"column":28}},"28":{"start":{"line":142,"column":8},"end":{"line":142,"column":28}},"29":{"start":{"line":151,"column":8},"end":{"line":151,"column":50}},"30":{"start":{"line":152,"column":8},"end":{"line":152,"column":26}},"31":{"start":{"line":153,"column":8},"end":{"line":153,"column":28}},"32":{"start":{"line":159,"column":8},"end":{"line":159,"column":35}},"33":{"start":{"line":170,"column":8},"end":{"line":170,"column":7485}},"34":{"start":{"line":171,"column":12},"end":{"line":171,"column":31}},"35":{"start":{"line":174,"column":8},"end":{"line":174,"column":7573}},"36":{"start":{"line":175,"column":12},"end":{"line":175,"column":52}},"37":{"start":{"line":180,"column":8},"end":{"line":180,"column":51}},"38":{"start":{"line":181,"column":8},"end":{"line":181,"column":42}},"39":{"start":{"line":185,"column":8},"end":{"line":185,"column":38}},"40":{"start":{"line":197,"column":8},"end":{"line":197,"column":8804}},"41":{"start":{"line":198,"column":12},"end":{"line":198,"column":8869}},"42":{"start":{"line":199,"column":16},"end":{"line":199,"column":70}},"43":{"start":{"line":206,"column":8},"end":{"line":206,"column":9134}},"44":{"start":{"line":207,"column":12},"end":{"line":207,"column":36}},"45":{"start":{"line":210,"column":8},"end":{"line":210,"column":40}},"46":{"start":{"line":220,"column":8},"end":{"line":220,"column":41}},"47":{"start":{"line":222,"column":8},"end":{"line":222,"column":9759}},"48":{"start":{"line":223,"column":12},"end":{"line":223,"column":44}},"49":{"start":{"line":226,"column":8},"end":{"line":226,"column":34}},"50":{"start":{"line":229,"column":8},"end":{"line":229,"column":32}},"51":{"start":{"line":231,"column":8},"end":{"line":231,"column":48}},"52":{"start":{"line":242,"column":8},"end":{"line":242,"column":34}},"53":{"start":{"line":243,"column":8},"end":{"line":243,"column":30}},"54":{"start":{"line":253,"column":8},"end":{"line":253,"column":50}},"55":{"start":{"line":254,"column":8},"end":{"line":254,"column":26}},"56":{"start":{"line":255,"column":8},"end":{"line":255,"column":28}},"57":{"start":{"line":264,"column":8},"end":{"line":264,"column":35}},"58":{"start":{"line":273,"column":8},"end":{"line":273,"column":38}},"59":{"start":{"line":275,"column":8},"end":{"line":275,"column":12126}},"60":{"start":{"line":276,"column":12},"end":{"line":276,"column":52}},"61":{"start":{"line":280,"column":12},"end":{"line":280,"column":64}},"62":{"start":{"line":281,"column":12},"end":{"line":281,"column":87}},"63":{"start":{"line":283,"column":12},"end":{"line":283,"column":12659}},"64":{"start":{"line":285,"column":16},"end":{"line":285,"column":116}},"65":{"start":{"line":289,"column":8},"end":{"line":289,"column":37}},"66":{"start":{"line":302,"column":8},"end":{"line":302,"column":13616}},"67":{"start":{"line":303,"column":12},"end":{"line":303,"column":34}},"68":{"start":{"line":305,"column":12},"end":{"line":305,"column":46}},"69":{"start":{"line":307,"column":12},"end":{"line":307,"column":73}},"70":{"start":{"line":309,"column":12},"end":{"line":309,"column":13892}},"71":{"start":{"line":310,"column":16},"end":{"line":310,"column":56}},"72":{"start":{"line":313,"column":16},"end":{"line":313,"column":66}},"73":{"start":{"line":314,"column":16},"end":{"line":314,"column":91}},"74":{"start":{"line":316,"column":16},"end":{"line":316,"column":14337}},"75":{"start":{"line":317,"column":20},"end":{"line":317,"column":80}},"76":{"start":{"line":318,"column":20},"end":{"line":318,"column":60}},"77":{"start":{"line":320,"column":20},"end":{"line":320,"column":62}},"78":{"start":{"line":324,"column":12},"end":{"line":324,"column":34}},"79":{"start":{"line":336,"column":8},"end":{"line":336,"column":15293}},"80":{"start":{"line":337,"column":12},"end":{"line":337,"column":57}},"81":{"start":{"line":338,"column":12},"end":{"line":338,"column":59}},"82":{"start":{"line":340,"column":12},"end":{"line":340,"column":15483}},"83":{"start":{"line":341,"column":16},"end":{"line":341,"column":43}},"84":{"start":{"line":342,"column":16},"end":{"line":342,"column":96}},"85":{"start":{"line":344,"column":16},"end":{"line":344,"column":95}},"86":{"start":{"line":345,"column":16},"end":{"line":345,"column":67}},"87":{"start":{"line":346,"column":16},"end":{"line":346,"column":71}},"88":{"start":{"line":348,"column":16},"end":{"line":348,"column":15965}},"89":{"start":{"line":349,"column":20},"end":{"line":349,"column":68}},"90":{"start":{"line":350,"column":20},"end":{"line":350,"column":100}},"91":{"start":{"line":351,"column":20},"end":{"line":351,"column":64}},"92":{"start":{"line":353,"column":20},"end":{"line":353,"column":66}},"93":{"start":{"line":356,"column":16},"end":{"line":356,"column":55}},"94":{"start":{"line":367,"column":8},"end":{"line":367,"column":16978}},"95":{"start":{"line":368,"column":12},"end":{"line":368,"column":17023}},"96":{"start":{"line":369,"column":16},"end":{"line":369,"column":56}},"97":{"start":{"line":372,"column":16},"end":{"line":372,"column":114}},"98":{"start":{"line":374,"column":16},"end":{"line":374,"column":87}},"99":{"start":{"line":375,"column":16},"end":{"line":375,"column":59}},"100":{"start":{"line":378,"column":12},"end":{"line":378,"column":61}},"101":{"start":{"line":379,"column":12},"end":{"line":379,"column":38}},"102":{"start":{"line":381,"column":12},"end":{"line":381,"column":84}},"103":{"start":{"line":383,"column":12},"end":{"line":383,"column":55}},"104":{"start":{"line":385,"column":12},"end":{"line":385,"column":17853}},"105":{"start":{"line":388,"column":16},"end":{"line":388,"column":48}},"106":{"start":{"line":398,"column":8},"end":{"line":398,"column":18338}},"107":{"start":{"line":399,"column":12},"end":{"line":399,"column":39}},"108":{"start":{"line":401,"column":12},"end":{"line":401,"column":18446}},"109":{"start":{"line":402,"column":16},"end":{"line":402,"column":46}},"110":{"start":{"line":404,"column":16},"end":{"line":404,"column":33}},"111":{"start":{"line":405,"column":16},"end":{"line":405,"column":48}},"112":{"start":{"line":408,"column":16},"end":{"line":408,"column":41}}},"branchMap":{"1":{"line":43,"type":"if","locations":[{"start":{"line":43,"column":8},"end":{"line":43,"column":8}},{"start":{"line":43,"column":8},"end":{"line":43,"column":8}}]},"2":{"line":50,"type":"if","locations":[{"start":{"line":50,"column":8},"end":{"line":50,"column":8}},{"start":{"line":50,"column":8},"end":{"line":50,"column":8}}]},"3":{"line":54,"type":"if","locations":[{"start":{"line":54,"column":8},"end":{"line":54,"column":8}},{"start":{"line":54,"column":8},"end":{"line":54,"column":8}}]},"4":{"line":55,"type":"if","locations":[{"start":{"line":55,"column":8},"end":{"line":55,"column":8}},{"start":{"line":55,"column":8},"end":{"line":55,"column":8}}]},"5":{"line":56,"type":"if","locations":[{"start":{"line":56,"column":8},"end":{"line":56,"column":8}},{"start":{"line":56,"column":8},"end":{"line":56,"column":8}}]},"6":{"line":62,"type":"if","locations":[{"start":{"line":62,"column":8},"end":{"line":62,"column":8}},{"start":{"line":62,"column":8},"end":{"line":62,"column":8}}]},"7":{"line":90,"type":"if","locations":[{"start":{"line":90,"column":8},"end":{"line":90,"column":8}},{"start":{"line":90,"column":8},"end":{"line":90,"column":8}}]},"8":{"line":115,"type":"if","locations":[{"start":{"line":115,"column":8},"end":{"line":115,"column":8}},{"start":{"line":115,"column":8},"end":{"line":115,"column":8}}]},"9":{"line":170,"type":"if","locations":[{"start":{"line":170,"column":8},"end":{"line":170,"column":8}},{"start":{"line":170,"column":8},"end":{"line":170,"column":8}}]},"10":{"line":175,"type":"if","locations":[{"start":{"line":175,"column":12},"end":{"line":175,"column":12}},{"start":{"line":175,"column":12},"end":{"line":175,"column":12}}]},"11":{"line":181,"type":"if","locations":[{"start":{"line":181,"column":8},"end":{"line":181,"column":8}},{"start":{"line":181,"column":8},"end":{"line":181,"column":8}}]},"12":{"line":198,"type":"if","locations":[{"start":{"line":198,"column":12},"end":{"line":198,"column":12}},{"start":{"line":198,"column":12},"end":{"line":198,"column":12}}]},"13":{"line":206,"type":"if","locations":[{"start":{"line":206,"column":8},"end":{"line":206,"column":8}},{"start":{"line":206,"column":8},"end":{"line":206,"column":8}}]},"14":{"line":222,"type":"if","locations":[{"start":{"line":222,"column":8},"end":{"line":222,"column":8}},{"start":{"line":222,"column":8},"end":{"line":222,"column":8}}]},"15":{"line":226,"type":"if","locations":[{"start":{"line":226,"column":8},"end":{"line":226,"column":8}},{"start":{"line":226,"column":8},"end":{"line":226,"column":8}}]},"16":{"line":283,"type":"if","locations":[{"start":{"line":283,"column":12},"end":{"line":283,"column":12}},{"start":{"line":283,"column":12},"end":{"line":283,"column":12}}]},"17":{"line":302,"type":"if","locations":[{"start":{"line":302,"column":8},"end":{"line":302,"column":8}},{"start":{"line":302,"column":8},"end":{"line":302,"column":8}}]},"18":{"line":305,"type":"if","locations":[{"start":{"line":305,"column":12},"end":{"line":305,"column":12}},{"start":{"line":305,"column":12},"end":{"line":305,"column":12}}]},"19":{"line":316,"type":"if","locations":[{"start":{"line":316,"column":16},"end":{"line":316,"column":16}},{"start":{"line":316,"column":16},"end":{"line":316,"column":16}}]},"20":{"line":348,"type":"if","locations":[{"start":{"line":348,"column":16},"end":{"line":348,"column":16}},{"start":{"line":348,"column":16},"end":{"line":348,"column":16}}]},"21":{"line":351,"type":"if","locations":[{"start":{"line":351,"column":20},"end":{"line":351,"column":20}},{"start":{"line":351,"column":20},"end":{"line":351,"column":20}}]},"22":{"line":367,"type":"if","locations":[{"start":{"line":367,"column":8},"end":{"line":367,"column":8}},{"start":{"line":367,"column":8},"end":{"line":367,"column":8}}]},"23":{"line":385,"type":"if","locations":[{"start":{"line":385,"column":12},"end":{"line":385,"column":12}},{"start":{"line":385,"column":12},"end":{"line":385,"column":12}}]},"24":{"line":401,"type":"if","locations":[{"start":{"line":401,"column":12},"end":{"line":401,"column":12}},{"start":{"line":401,"column":12},"end":{"line":401,"column":12}}]}}},"contracts/pools/State.sol":{"l":{"38":114,"39":109,"44":15,"45":13,"50":4,"51":3,"56":2,"57":1,"62":12,"63":11,"68":9,"69":8,"74":55,"75":52,"80":19,"81":18,"87":2,"88":2,"94":13,"95":13,"101":3,"102":3,"107":12,"108":12,"113":11,"114":11},"path":"/Users/chadchillbro7/80trill/repo/poolparty/contracts/pools/State.sol","s":{"1":114,"2":15,"3":4,"4":2,"5":12,"6":9,"7":55,"8":19,"9":2,"10":2,"11":13,"12":13,"13":3,"14":3,"15":12,"16":12,"17":11,"18":11},"b":{"1":[109,5],"2":[13,2],"3":[3,1],"4":[1,1],"5":[11,1],"6":[8,1],"7":[52,3],"8":[18,1]},"f":{"1":114,"2":15,"3":4,"4":2,"5":12,"6":9,"7":55,"8":19,"9":2,"10":13,"11":3,"12":12,"13":11},"fnMap":{"1":{"name":"isOpen","line":37,"loc":{"start":{"line":37,"column":4},"end":{"line":37,"column":19}}},"2":{"name":"isClosed","line":43,"loc":{"start":{"line":43,"column":4},"end":{"line":43,"column":21}}},"3":{"name":"isCancelable","line":49,"loc":{"start":{"line":49,"column":4},"end":{"line":49,"column":25}}},"4":{"name":"isCancelled","line":55,"loc":{"start":{"line":55,"column":4},"end":{"line":55,"column":24}}},"5":{"name":"isAdminRefundable","line":61,"loc":{"start":{"line":61,"column":4},"end":{"line":61,"column":30}}},"6":{"name":"isUserRefundable","line":67,"loc":{"start":{"line":67,"column":4},"end":{"line":67,"column":29}}},"7":{"name":"isCompleted","line":73,"loc":{"start":{"line":73,"column":4},"end":{"line":73,"column":24}}},"8":{"name":"isAwaitingOrCompleted","line":79,"loc":{"start":{"line":79,"column":4},"end":{"line":79,"column":34}}},"9":{"name":"setPoolToOpen","line":86,"loc":{"start":{"line":86,"column":4},"end":{"line":86,"column":50}}},"10":{"name":"setPoolToClosed","line":93,"loc":{"start":{"line":93,"column":4},"end":{"line":93,"column":50}}},"11":{"name":"setPoolToCancelled","line":100,"loc":{"start":{"line":100,"column":4},"end":{"line":100,"column":59}}},"12":{"name":"setPoolToAwaitingTokens","line":106,"loc":{"start":{"line":106,"column":4},"end":{"line":106,"column":45}}},"13":{"name":"setPoolToCompleted","line":112,"loc":{"start":{"line":112,"column":4},"end":{"line":112,"column":40}}}},"statementMap":{"1":{"start":{"line":38,"column":8},"end":{"line":38,"column":39}},"2":{"start":{"line":44,"column":8},"end":{"line":44,"column":41}},"3":{"start":{"line":50,"column":8},"end":{"line":50,"column":68}},"4":{"start":{"line":56,"column":8},"end":{"line":56,"column":44}},"5":{"start":{"line":62,"column":8},"end":{"line":62,"column":99}},"6":{"start":{"line":68,"column":8},"end":{"line":68,"column":71}},"7":{"start":{"line":74,"column":8},"end":{"line":74,"column":44}},"8":{"start":{"line":80,"column":8},"end":{"line":80,"column":82}},"9":{"start":{"line":87,"column":8},"end":{"line":87,"column":29}},"10":{"start":{"line":88,"column":8},"end":{"line":88,"column":25}},"11":{"start":{"line":94,"column":8},"end":{"line":94,"column":31}},"12":{"start":{"line":95,"column":8},"end":{"line":95,"column":27}},"13":{"start":{"line":101,"column":8},"end":{"line":101,"column":34}},"14":{"start":{"line":102,"column":8},"end":{"line":102,"column":30}},"15":{"start":{"line":107,"column":8},"end":{"line":107,"column":40}},"16":{"start":{"line":108,"column":8},"end":{"line":108,"column":35}},"17":{"start":{"line":113,"column":8},"end":{"line":113,"column":34}},"18":{"start":{"line":114,"column":8},"end":{"line":114,"column":30}}},"branchMap":{"1":{"line":38,"type":"if","locations":[{"start":{"line":38,"column":8},"end":{"line":38,"column":8}},{"start":{"line":38,"column":8},"end":{"line":38,"column":8}}]},"2":{"line":44,"type":"if","locations":[{"start":{"line":44,"column":8},"end":{"line":44,"column":8}},{"start":{"line":44,"column":8},"end":{"line":44,"column":8}}]},"3":{"line":50,"type":"if","locations":[{"start":{"line":50,"column":8},"end":{"line":50,"column":8}},{"start":{"line":50,"column":8},"end":{"line":50,"column":8}}]},"4":{"line":56,"type":"if","locations":[{"start":{"line":56,"column":8},"end":{"line":56,"column":8}},{"start":{"line":56,"column":8},"end":{"line":56,"column":8}}]},"5":{"line":62,"type":"if","locations":[{"start":{"line":62,"column":8},"end":{"line":62,"column":8}},{"start":{"line":62,"column":8},"end":{"line":62,"column":8}}]},"6":{"line":68,"type":"if","locations":[{"start":{"line":68,"column":8},"end":{"line":68,"column":8}},{"start":{"line":68,"column":8},"end":{"line":68,"column":8}}]},"7":{"line":74,"type":"if","locations":[{"start":{"line":74,"column":8},"end":{"line":74,"column":8}},{"start":{"line":74,"column":8},"end":{"line":74,"column":8}}]},"8":{"line":80,"type":"if","locations":[{"start":{"line":80,"column":8},"end":{"line":80,"column":8}},{"start":{"line":80,"column":8},"end":{"line":80,"column":8}}]}}},"contracts/pools/Whitelist.sol":{"l":{"14":52,"15":50,"20":98,"21":97,"23":93,"30":18,"37":48,"38":47,"39":144},"path":"/Users/chadchillbro7/80trill/repo/poolparty/contracts/pools/Whitelist.sol","s":{"1":52,"2":98,"3":97,"4":18,"5":48,"6":47,"7":144},"b":{"1":[50,2],"2":[97,1],"3":[92,5],"4":[47,1]},"f":{"1":52,"2":98,"3":18,"4":48},"fnMap":{"1":{"name":"isWhitelistEnabled","line":13,"loc":{"start":{"line":13,"column":4},"end":{"line":13,"column":31}}},"2":{"name":"isWhitelistedAddress","line":19,"loc":{"start":{"line":19,"column":4},"end":{"line":19,"column":46}}},"3":{"name":"addAddressesToWhitelist","line":29,"loc":{"start":{"line":29,"column":4},"end":{"line":29,"column":67}}},"4":{"name":"addAddressesToWhitelistInternal","line":36,"loc":{"start":{"line":36,"column":4},"end":{"line":36,"column":88}}}},"statementMap":{"1":{"start":{"line":14,"column":8},"end":{"line":14,"column":28}},"2":{"start":{"line":20,"column":8},"end":{"line":20,"column":508}},"3":{"start":{"line":21,"column":12},"end":{"line":21,"column":45}},"4":{"start":{"line":30,"column":8},"end":{"line":30,"column":46}},"5":{"start":{"line":37,"column":8},"end":{"line":37,"column":33}},"6":{"start":{"line":38,"column":8},"end":{"line":38,"column":1405}},"7":{"start":{"line":39,"column":12},"end":{"line":39,"column":38}}},"branchMap":{"1":{"line":14,"type":"if","locations":[{"start":{"line":14,"column":8},"end":{"line":14,"column":8}},{"start":{"line":14,"column":8},"end":{"line":14,"column":8}}]},"2":{"line":20,"type":"if","locations":[{"start":{"line":20,"column":8},"end":{"line":20,"column":8}},{"start":{"line":20,"column":8},"end":{"line":20,"column":8}}]},"3":{"line":21,"type":"if","locations":[{"start":{"line":21,"column":12},"end":{"line":21,"column":12}},{"start":{"line":21,"column":12},"end":{"line":21,"column":12}}]},"4":{"line":37,"type":"if","locations":[{"start":{"line":37,"column":8},"end":{"line":37,"column":8}},{"start":{"line":37,"column":8},"end":{"line":37,"column":8}}]}}}}