{"contracts/PoolParty.sol":{"l":{"26":2,"46":152,"48":152,"56":128,"57":128,"59":128},"path":"/Users/chadchillbro7/80trill/repo/poolPartyOfficial/poolparty/contracts/PoolParty.sol","s":{"1":152,"2":152,"3":128,"4":128,"5":128},"b":{},"f":{"1":2,"2":152},"fnMap":{"1":{"name":"reclaimEther","line":25,"loc":{"start":{"line":25,"column":4},"end":{"line":25,"column":44}}},"2":{"name":"createPool","line":38,"loc":{"start":{"line":38,"column":4},"end":{"line":45,"column":5}}}},"statementMap":{"1":{"start":{"line":46,"column":8},"end":{"line":46,"column":37}},"2":{"start":{"line":48,"column":8},"end":{"line":48,"column":1728}},"3":{"start":{"line":56,"column":8},"end":{"line":56,"column":32}},"4":{"start":{"line":57,"column":8},"end":{"line":57,"column":37}},"5":{"start":{"line":59,"column":8},"end":{"line":59,"column":47}}},"branchMap":{}},"contracts/pools/Admin.sol":{"l":{"17":132,"19":132,"20":144,"21":124,"22":124,"27":132,"28":124,"33":152,"35":152,"37":294,"39":292,"40":146,"43":292,"45":148,"50":148,"51":144,"63":144},"path":"/Users/chadchillbro7/80trill/repo/poolPartyOfficial/poolparty/contracts/pools/Admin.sol","s":{"1":132,"2":132,"3":144,"4":124,"5":132,"6":152,"7":152,"8":294,"9":292,"10":146,"11":292,"12":148,"13":148,"14":144},"b":{"1":[124,20],"2":[124,8],"3":[292,2],"4":[146,146],"5":[146,2],"6":[144,4]},"f":{"1":132,"2":152,"3":144},"fnMap":{"1":{"name":"isAdmin","line":16,"loc":{"start":{"line":16,"column":4},"end":{"line":16,"column":20}}},"2":{"name":"isValidAdminsList","line":32,"loc":{"start":{"line":32,"column":4},"end":{"line":32,"column":53}}},"3":{"name":"createAdminsForPool","line":57,"loc":{"start":{"line":57,"column":4},"end":{"line":62,"column":5}}}},"statementMap":{"1":{"start":{"line":17,"column":8},"end":{"line":17,"column":25}},"2":{"start":{"line":19,"column":8},"end":{"line":19,"column":419}},"3":{"start":{"line":20,"column":12},"end":{"line":20,"column":481}},"4":{"start":{"line":21,"column":16},"end":{"line":21,"column":27}},"5":{"start":{"line":27,"column":8},"end":{"line":27,"column":21}},"6":{"start":{"line":33,"column":8},"end":{"line":33,"column":34}},"7":{"start":{"line":35,"column":8},"end":{"line":35,"column":884}},"8":{"start":{"line":37,"column":12},"end":{"line":37,"column":50}},"9":{"start":{"line":39,"column":12},"end":{"line":39,"column":1055}},"10":{"start":{"line":40,"column":16},"end":{"line":40,"column":36}},"11":{"start":{"line":43,"column":12},"end":{"line":43,"column":1154}},"12":{"start":{"line":45,"column":16},"end":{"line":45,"column":60}},"13":{"start":{"line":50,"column":8},"end":{"line":50,"column":30}},"14":{"start":{"line":63,"column":8},"end":{"line":63,"column":29}}},"branchMap":{"1":{"line":20,"type":"if","locations":[{"start":{"line":20,"column":12},"end":{"line":20,"column":12}},{"start":{"line":20,"column":12},"end":{"line":20,"column":12}}]},"2":{"line":27,"type":"if","locations":[{"start":{"line":27,"column":8},"end":{"line":27,"column":8}},{"start":{"line":27,"column":8},"end":{"line":27,"column":8}}]},"3":{"line":37,"type":"if","locations":[{"start":{"line":37,"column":12},"end":{"line":37,"column":12}},{"start":{"line":37,"column":12},"end":{"line":37,"column":12}}]},"4":{"line":39,"type":"if","locations":[{"start":{"line":39,"column":12},"end":{"line":39,"column":12}},{"start":{"line":39,"column":12},"end":{"line":39,"column":12}}]},"5":{"line":45,"type":"if","locations":[{"start":{"line":45,"column":16},"end":{"line":45,"column":16}},{"start":{"line":45,"column":16},"end":{"line":45,"column":16}}]},"6":{"line":50,"type":"if","locations":[{"start":{"line":50,"column":8},"end":{"line":50,"column":8}},{"start":{"line":50,"column":8},"end":{"line":50,"column":8}}]}}},"contracts/pools/Config.sol":{"l":{"62":3,"64":2,"66":1,"67":1,"95":144,"97":140,"100":136,"101":136,"102":136,"103":136,"104":136,"107":136,"108":136,"112":136,"114":134,"116":132,"119":130,"121":130},"path":"/Users/chadchillbro7/80trill/repo/poolPartyOfficial/poolparty/contracts/pools/Config.sol","s":{"1":3,"2":2,"3":1,"4":1,"5":144,"6":140,"7":136,"8":136,"9":136,"10":136,"11":136,"12":136,"13":136,"14":136,"15":134,"16":132,"17":130,"18":130},"b":{"1":[2,1],"2":[1,1],"3":[140,4],"4":[136,4],"5":[134,2],"6":[132,2],"7":[130,2],"8":[128,2]},"f":{"1":3,"2":144},"fnMap":{"1":{"name":"setMinMaxContribution","line":53,"loc":{"start":{"line":53,"column":4},"end":{"line":60,"column":5}}},"2":{"name":"createConfigsForPool","line":88,"loc":{"start":{"line":88,"column":4},"end":{"line":93,"column":5}}}},"statementMap":{"1":{"start":{"line":62,"column":8},"end":{"line":62,"column":37}},"2":{"start":{"line":64,"column":8},"end":{"line":64,"column":28}},"3":{"start":{"line":66,"column":8},"end":{"line":66,"column":29}},"4":{"start":{"line":67,"column":8},"end":{"line":67,"column":29}},"5":{"start":{"line":95,"column":8},"end":{"line":95,"column":58}},"6":{"start":{"line":97,"column":8},"end":{"line":97,"column":55}},"7":{"start":{"line":100,"column":8},"end":{"line":100,"column":71}},"8":{"start":{"line":101,"column":8},"end":{"line":101,"column":75}},"9":{"start":{"line":102,"column":8},"end":{"line":102,"column":75}},"10":{"start":{"line":103,"column":8},"end":{"line":103,"column":96}},"11":{"start":{"line":104,"column":8},"end":{"line":104,"column":82}},"12":{"start":{"line":107,"column":8},"end":{"line":107,"column":66}},"13":{"start":{"line":108,"column":8},"end":{"line":108,"column":85}},"14":{"start":{"line":112,"column":8},"end":{"line":112,"column":72}},"15":{"start":{"line":114,"column":8},"end":{"line":114,"column":48}},"16":{"start":{"line":116,"column":8},"end":{"line":116,"column":50}},"17":{"start":{"line":119,"column":8},"end":{"line":119,"column":73}},"18":{"start":{"line":121,"column":8},"end":{"line":121,"column":57}}},"branchMap":{"1":{"line":62,"type":"if","locations":[{"start":{"line":62,"column":8},"end":{"line":62,"column":8}},{"start":{"line":62,"column":8},"end":{"line":62,"column":8}}]},"2":{"line":64,"type":"if","locations":[{"start":{"line":64,"column":8},"end":{"line":64,"column":8}},{"start":{"line":64,"column":8},"end":{"line":64,"column":8}}]},"3":{"line":95,"type":"if","locations":[{"start":{"line":95,"column":8},"end":{"line":95,"column":8}},{"start":{"line":95,"column":8},"end":{"line":95,"column":8}}]},"4":{"line":97,"type":"if","locations":[{"start":{"line":97,"column":8},"end":{"line":97,"column":8}},{"start":{"line":97,"column":8},"end":{"line":97,"column":8}}]},"5":{"line":112,"type":"if","locations":[{"start":{"line":112,"column":8},"end":{"line":112,"column":8}},{"start":{"line":112,"column":8},"end":{"line":112,"column":8}}]},"6":{"line":114,"type":"if","locations":[{"start":{"line":114,"column":8},"end":{"line":114,"column":8}},{"start":{"line":114,"column":8},"end":{"line":114,"column":8}}]},"7":{"line":116,"type":"if","locations":[{"start":{"line":116,"column":8},"end":{"line":116,"column":8}},{"start":{"line":116,"column":8},"end":{"line":116,"column":8}}]},"8":{"line":121,"type":"if","locations":[{"start":{"line":121,"column":8},"end":{"line":121,"column":8}},{"start":{"line":121,"column":8},"end":{"line":121,"column":8}}]}}},"contracts/pools/Pool.sol":{"l":{"47":24,"48":22,"55":147,"56":146,"57":146,"60":146,"62":144,"64":143,"65":142,"71":108,"72":104,"77":19,"80":19,"82":15,"83":13,"114":152,"115":152,"116":152,"117":152,"119":152,"120":144,"122":128,"123":50,"126":128,"132":148,"145":2,"158":1,"170":2,"183":1,"195":2,"215":138,"216":120,"217":120,"220":138,"221":138,"223":138,"232":9,"250":1,"252":1,"253":5,"255":5,"256":4,"266":75,"282":87,"283":97,"284":97,"286":97,"303":9,"305":9,"314":2,"330":4,"348":3,"350":3,"351":12,"353":12,"354":9,"376":28,"377":20,"380":28,"382":9,"388":27,"391":27,"393":26,"395":26,"407":5,"408":6,"409":4,"410":4,"411":4,"412":4,"416":5,"417":2,"420":5,"437":1,"438":1,"455":4,"471":7,"473":7,"488":5,"490":4,"501":20,"503":20,"504":18,"508":20,"509":19,"511":19,"513":19,"520":20,"521":2,"522":2,"524":18,"540":18,"542":18,"545":4,"546":1,"550":3,"551":2,"552":2,"555":3,"561":4,"562":4,"564":14,"566":14,"567":13,"569":13,"592":7,"593":11,"594":11,"596":11,"597":22,"599":22,"600":19,"603":21,"623":116,"624":15,"628":116,"630":116,"631":116,"632":116,"634":116,"635":106,"636":106,"639":106,"641":105,"652":13,"653":2,"659":13,"660":13,"661":13,"663":13,"665":13,"666":11,"667":11,"669":11,"679":18,"683":18,"684":18,"687":18,"694":17,"696":17,"697":17,"698":17,"700":17},"path":"/Users/chadchillbro7/80trill/repo/poolPartyOfficial/poolparty/contracts/pools/Pool.sol","s":{"1":24,"2":147,"3":146,"4":146,"5":146,"6":144,"7":143,"8":108,"9":19,"10":19,"11":15,"12":152,"13":152,"14":152,"15":152,"16":152,"17":144,"18":128,"19":50,"20":128,"21":148,"22":2,"23":1,"24":2,"25":1,"26":2,"27":138,"28":120,"29":138,"30":138,"31":138,"32":9,"33":1,"34":1,"35":5,"36":5,"37":4,"38":75,"39":87,"40":97,"41":97,"42":97,"43":9,"44":9,"45":2,"46":4,"47":3,"48":3,"49":12,"50":12,"51":9,"52":28,"53":20,"54":28,"55":9,"56":27,"57":27,"58":26,"59":5,"60":6,"61":4,"62":5,"63":2,"64":5,"65":1,"66":1,"67":4,"68":7,"69":7,"70":5,"71":4,"72":20,"73":20,"74":18,"75":20,"76":19,"77":19,"78":20,"79":2,"80":2,"81":18,"82":18,"83":18,"84":4,"85":1,"86":3,"87":2,"88":3,"89":4,"90":4,"91":14,"92":14,"93":13,"94":7,"95":11,"96":11,"97":11,"98":22,"99":22,"100":19,"101":21,"102":116,"103":15,"104":116,"105":116,"106":116,"107":116,"108":116,"109":106,"110":106,"111":106,"112":105,"113":13,"114":2,"115":13,"116":13,"117":13,"118":13,"119":13,"120":11,"121":11,"122":18,"123":18,"124":18,"125":18,"126":17,"127":17,"128":17,"129":17},"b":{"1":[22,2],"2":[146,1],"3":[144,2],"4":[143,1],"5":[142,1],"6":[104,4],"7":[15,4],"8":[13,2],"9":[50,78],"10":[120,18],"11":[4,1],"12":[9,3],"13":[20,8],"14":[8,1],"15":[26,1],"16":[4,2],"17":[2,3],"18":[4,1],"19":[18,2],"20":[19,1],"21":[2,18],"22":[4,14],"23":[1,3],"24":[2,1],"25":[13,1],"26":[19,3],"27":[15,101],"28":[106,10],"29":[105,1],"30":[2,11],"31":[11,2]},"f":{"1":24,"2":147,"3":108,"4":19,"5":152,"6":148,"7":2,"8":1,"9":2,"10":1,"11":2,"12":138,"13":9,"14":1,"15":75,"16":87,"17":9,"18":2,"19":4,"20":3,"21":28,"22":5,"23":1,"24":4,"25":7,"26":5,"27":20,"28":20,"29":18,"30":7,"31":116,"32":13,"33":18,"34":17},"fnMap":{"1":{"name":"isOwner","line":45,"loc":{"start":{"line":45,"column":4},"end":{"line":45,"column":20}}},"2":{"name":"depositIsConfigCompliant","line":53,"loc":{"start":{"line":53,"column":4},"end":{"line":53,"column":37}}},"3":{"name":"userHasFundedPool","line":69,"loc":{"start":{"line":69,"column":4},"end":{"line":69,"column":43}}},"4":{"name":"isValidIndex","line":76,"loc":{"start":{"line":76,"column":4},"end":{"line":76,"column":72}}},"5":{"name":null,"line":105,"loc":{"start":{"line":105,"column":4},"end":{"line":113,"column":5}}},"6":{"name":null,"line":131,"loc":{"start":{"line":131,"column":4},"end":{"line":131,"column":27}}},"7":{"name":"getAdminAddressArray","line":139,"loc":{"start":{"line":139,"column":4},"end":{"line":144,"column":5}}},"8":{"name":"getTokenAddressArray","line":152,"loc":{"start":{"line":152,"column":4},"end":{"line":157,"column":5}}},"9":{"name":"getAmountOfTokens","line":164,"loc":{"start":{"line":164,"column":4},"end":{"line":169,"column":5}}},"10":{"name":"getSwimmersListArray","line":177,"loc":{"start":{"line":177,"column":4},"end":{"line":182,"column":5}}},"11":{"name":"getAmountOfSwimmers","line":189,"loc":{"start":{"line":189,"column":4},"end":{"line":194,"column":5}}},"12":{"name":"deposit","line":206,"loc":{"start":{"line":206,"column":4},"end":{"line":214,"column":5}}},"13":{"name":"refund","line":231,"loc":{"start":{"line":231,"column":4},"end":{"line":231,"column":73}}},"14":{"name":"refundManyAddresses","line":242,"loc":{"start":{"line":242,"column":4},"end":{"line":249,"column":5}}},"15":{"name":"claim","line":265,"loc":{"start":{"line":265,"column":4},"end":{"line":265,"column":25}}},"16":{"name":"claimAddress","line":275,"loc":{"start":{"line":275,"column":4},"end":{"line":281,"column":5}}},"17":{"name":"claimManyAddresses","line":296,"loc":{"start":{"line":296,"column":4},"end":{"line":302,"column":5}}},"18":{"name":"reimbursement","line":313,"loc":{"start":{"line":313,"column":4},"end":{"line":313,"column":33}}},"19":{"name":"claimReimbursement","line":323,"loc":{"start":{"line":323,"column":4},"end":{"line":329,"column":5}}},"20":{"name":"claimManyReimbursements","line":340,"loc":{"start":{"line":340,"column":4},"end":{"line":347,"column":5}}},"21":{"name":"addToken","line":369,"loc":{"start":{"line":369,"column":4},"end":{"line":375,"column":5}}},"22":{"name":"removeToken","line":406,"loc":{"start":{"line":406,"column":4},"end":{"line":406,"column":72}}},"23":{"name":"removeAddressFromWhitelistAndRefund","line":430,"loc":{"start":{"line":430,"column":4},"end":{"line":436,"column":5}}},"24":{"name":"refundAddress","line":447,"loc":{"start":{"line":447,"column":4},"end":{"line":454,"column":5}}},"25":{"name":"projectReimbursement","line":464,"loc":{"start":{"line":464,"column":4},"end":{"line":470,"column":5}}},"26":{"name":"setMaxAllocation","line":486,"loc":{"start":{"line":486,"column":4},"end":{"line":486,"column":74}}},"27":{"name":"transferWei","line":500,"loc":{"start":{"line":500,"column":4},"end":{"line":500,"column":72}}},"28":{"name":"weiTransferCalculator","line":519,"loc":{"start":{"line":519,"column":4},"end":{"line":519,"column":74}}},"29":{"name":"payOutAdminFee","line":534,"loc":{"start":{"line":534,"column":4},"end":{"line":539,"column":5}}},"30":{"name":"claimAddressesInternal","line":585,"loc":{"start":{"line":585,"column":4},"end":{"line":591,"column":5}}},"31":{"name":"payoutTokensInternal","line":613,"loc":{"start":{"line":613,"column":4},"end":{"line":619,"column":5}}},"32":{"name":"processReimbursementInternal","line":648,"loc":{"start":{"line":648,"column":4},"end":{"line":648,"column":63}}},"33":{"name":"collectAdminFee","line":678,"loc":{"start":{"line":678,"column":4},"end":{"line":678,"column":50}}},"34":{"name":"processRefundInternal","line":693,"loc":{"start":{"line":693,"column":4},"end":{"line":693,"column":56}}}},"statementMap":{"1":{"start":{"line":47,"column":8},"end":{"line":47,"column":35}},"2":{"start":{"line":55,"column":8},"end":{"line":55,"column":29}},"3":{"start":{"line":56,"column":8},"end":{"line":56,"column":53}},"4":{"start":{"line":57,"column":8},"end":{"line":57,"column":59}},"5":{"start":{"line":60,"column":8},"end":{"line":60,"column":44}},"6":{"start":{"line":62,"column":8},"end":{"line":62,"column":41}},"7":{"start":{"line":64,"column":8},"end":{"line":64,"column":41}},"8":{"start":{"line":71,"column":8},"end":{"line":71,"column":35}},"9":{"start":{"line":77,"column":8},"end":{"line":77,"column":68}},"10":{"start":{"line":80,"column":8},"end":{"line":80,"column":49}},"11":{"start":{"line":82,"column":8},"end":{"line":82,"column":46}},"12":{"start":{"line":114,"column":8},"end":{"line":114,"column":25}},"13":{"start":{"line":115,"column":8},"end":{"line":115,"column":29}},"14":{"start":{"line":116,"column":8},"end":{"line":116,"column":36}},"15":{"start":{"line":117,"column":8},"end":{"line":117,"column":23}},"16":{"start":{"line":119,"column":8},"end":{"line":119,"column":35}},"17":{"start":{"line":120,"column":8},"end":{"line":120,"column":55}},"18":{"start":{"line":122,"column":8},"end":{"line":122,"column":4901}},"19":{"start":{"line":123,"column":12},"end":{"line":123,"column":50}},"20":{"start":{"line":126,"column":8},"end":{"line":126,"column":25}},"21":{"start":{"line":132,"column":8},"end":{"line":132,"column":26}},"22":{"start":{"line":145,"column":8},"end":{"line":145,"column":30}},"23":{"start":{"line":158,"column":8},"end":{"line":158,"column":36}},"24":{"start":{"line":170,"column":8},"end":{"line":170,"column":44}},"25":{"start":{"line":183,"column":8},"end":{"line":183,"column":36}},"26":{"start":{"line":195,"column":8},"end":{"line":195,"column":46}},"27":{"start":{"line":215,"column":8},"end":{"line":215,"column":7990}},"28":{"start":{"line":217,"column":12},"end":{"line":217,"column":33}},"29":{"start":{"line":220,"column":8},"end":{"line":220,"column":43}},"30":{"start":{"line":221,"column":8},"end":{"line":221,"column":55}},"31":{"start":{"line":223,"column":8},"end":{"line":223,"column":43}},"32":{"start":{"line":232,"column":8},"end":{"line":232,"column":40}},"33":{"start":{"line":250,"column":8},"end":{"line":250,"column":68}},"34":{"start":{"line":252,"column":8},"end":{"line":252,"column":9332}},"35":{"start":{"line":253,"column":12},"end":{"line":253,"column":41}},"36":{"start":{"line":255,"column":12},"end":{"line":255,"column":9445}},"37":{"start":{"line":256,"column":16},"end":{"line":256,"column":42}},"38":{"start":{"line":266,"column":8},"end":{"line":266,"column":31}},"39":{"start":{"line":282,"column":8},"end":{"line":282,"column":10252}},"40":{"start":{"line":283,"column":12},"end":{"line":283,"column":57}},"41":{"start":{"line":284,"column":12},"end":{"line":284,"column":59}},"42":{"start":{"line":286,"column":12},"end":{"line":286,"column":66}},"43":{"start":{"line":303,"column":8},"end":{"line":303,"column":68}},"44":{"start":{"line":305,"column":8},"end":{"line":305,"column":52}},"45":{"start":{"line":314,"column":8},"end":{"line":314,"column":37}},"46":{"start":{"line":330,"column":8},"end":{"line":330,"column":42}},"47":{"start":{"line":348,"column":8},"end":{"line":348,"column":68}},"48":{"start":{"line":350,"column":8},"end":{"line":350,"column":12890}},"49":{"start":{"line":351,"column":12},"end":{"line":351,"column":41}},"50":{"start":{"line":353,"column":12},"end":{"line":353,"column":13003}},"51":{"start":{"line":354,"column":16},"end":{"line":354,"column":49}},"52":{"start":{"line":376,"column":8},"end":{"line":376,"column":13882}},"53":{"start":{"line":377,"column":12},"end":{"line":377,"column":31}},"54":{"start":{"line":380,"column":8},"end":{"line":380,"column":13971}},"55":{"start":{"line":382,"column":12},"end":{"line":382,"column":52}},"56":{"start":{"line":388,"column":8},"end":{"line":388,"column":51}},"57":{"start":{"line":391,"column":8},"end":{"line":391,"column":42}},"58":{"start":{"line":395,"column":8},"end":{"line":395,"column":38}},"59":{"start":{"line":407,"column":8},"end":{"line":407,"column":15253}},"60":{"start":{"line":408,"column":12},"end":{"line":408,"column":15321}},"61":{"start":{"line":409,"column":16},"end":{"line":409,"column":70}},"62":{"start":{"line":416,"column":8},"end":{"line":416,"column":15587}},"63":{"start":{"line":417,"column":12},"end":{"line":417,"column":36}},"64":{"start":{"line":420,"column":8},"end":{"line":420,"column":40}},"65":{"start":{"line":437,"column":8},"end":{"line":437,"column":34}},"66":{"start":{"line":438,"column":8},"end":{"line":438,"column":30}},"67":{"start":{"line":455,"column":8},"end":{"line":455,"column":38}},"68":{"start":{"line":471,"column":8},"end":{"line":471,"column":61}},"69":{"start":{"line":473,"column":8},"end":{"line":473,"column":41}},"70":{"start":{"line":488,"column":8},"end":{"line":488,"column":42}},"71":{"start":{"line":490,"column":8},"end":{"line":490,"column":30}},"72":{"start":{"line":501,"column":8},"end":{"line":501,"column":55}},"73":{"start":{"line":503,"column":8},"end":{"line":503,"column":18946}},"74":{"start":{"line":504,"column":12},"end":{"line":504,"column":58}},"75":{"start":{"line":508,"column":8},"end":{"line":508,"column":34}},"76":{"start":{"line":511,"column":8},"end":{"line":511,"column":32}},"77":{"start":{"line":513,"column":8},"end":{"line":513,"column":48}},"78":{"start":{"line":520,"column":8},"end":{"line":520,"column":19600}},"79":{"start":{"line":521,"column":12},"end":{"line":521,"column":39}},"80":{"start":{"line":522,"column":12},"end":{"line":522,"column":84}},"81":{"start":{"line":524,"column":12},"end":{"line":524,"column":35}},"82":{"start":{"line":540,"column":8},"end":{"line":540,"column":80}},"83":{"start":{"line":542,"column":8},"end":{"line":542,"column":20553}},"84":{"start":{"line":545,"column":12},"end":{"line":545,"column":20760}},"85":{"start":{"line":546,"column":16},"end":{"line":546,"column":37}},"86":{"start":{"line":550,"column":16},"end":{"line":550,"column":21053}},"87":{"start":{"line":552,"column":20},"end":{"line":552,"column":41}},"88":{"start":{"line":555,"column":16},"end":{"line":555,"column":41}},"89":{"start":{"line":561,"column":12},"end":{"line":561,"column":61}},"90":{"start":{"line":562,"column":12},"end":{"line":562,"column":38}},"91":{"start":{"line":564,"column":12},"end":{"line":564,"column":55}},"92":{"start":{"line":566,"column":12},"end":{"line":566,"column":21688}},"93":{"start":{"line":569,"column":16},"end":{"line":569,"column":48}},"94":{"start":{"line":592,"column":8},"end":{"line":592,"column":22693}},"95":{"start":{"line":593,"column":12},"end":{"line":593,"column":57}},"96":{"start":{"line":594,"column":12},"end":{"line":594,"column":55}},"97":{"start":{"line":596,"column":12},"end":{"line":596,"column":22880}},"98":{"start":{"line":597,"column":16},"end":{"line":597,"column":45}},"99":{"start":{"line":599,"column":16},"end":{"line":599,"column":23022}},"100":{"start":{"line":600,"column":20},"end":{"line":600,"column":66}},"101":{"start":{"line":603,"column":16},"end":{"line":603,"column":51}},"102":{"start":{"line":623,"column":8},"end":{"line":623,"column":23920}},"103":{"start":{"line":624,"column":12},"end":{"line":624,"column":33}},"104":{"start":{"line":628,"column":8},"end":{"line":628,"column":85}},"105":{"start":{"line":630,"column":8},"end":{"line":630,"column":88}},"106":{"start":{"line":631,"column":8},"end":{"line":631,"column":61}},"107":{"start":{"line":632,"column":8},"end":{"line":632,"column":63}},"108":{"start":{"line":634,"column":8},"end":{"line":634,"column":24430}},"109":{"start":{"line":635,"column":12},"end":{"line":635,"column":62}},"110":{"start":{"line":636,"column":12},"end":{"line":636,"column":94}},"111":{"start":{"line":639,"column":12},"end":{"line":639,"column":58}},"112":{"start":{"line":641,"column":12},"end":{"line":641,"column":60}},"113":{"start":{"line":652,"column":8},"end":{"line":652,"column":25320}},"114":{"start":{"line":653,"column":12},"end":{"line":653,"column":33}},"115":{"start":{"line":659,"column":8},"end":{"line":659,"column":50}},"116":{"start":{"line":660,"column":8},"end":{"line":660,"column":92}},"117":{"start":{"line":661,"column":8},"end":{"line":661,"column":63}},"118":{"start":{"line":663,"column":8},"end":{"line":663,"column":81}},"119":{"start":{"line":665,"column":8},"end":{"line":665,"column":26015}},"120":{"start":{"line":666,"column":12},"end":{"line":666,"column":98}},"121":{"start":{"line":669,"column":12},"end":{"line":669,"column":68}},"122":{"start":{"line":679,"column":8},"end":{"line":679,"column":96}},"123":{"start":{"line":683,"column":8},"end":{"line":683,"column":43}},"124":{"start":{"line":684,"column":8},"end":{"line":684,"column":59}},"125":{"start":{"line":687,"column":8},"end":{"line":687,"column":33}},"126":{"start":{"line":694,"column":8},"end":{"line":694,"column":39}},"127":{"start":{"line":696,"column":8},"end":{"line":696,"column":26}},"128":{"start":{"line":697,"column":8},"end":{"line":697,"column":40}},"129":{"start":{"line":700,"column":8},"end":{"line":700,"column":34}}},"branchMap":{"1":{"line":47,"type":"if","locations":[{"start":{"line":47,"column":8},"end":{"line":47,"column":8}},{"start":{"line":47,"column":8},"end":{"line":47,"column":8}}]},"2":{"line":55,"type":"if","locations":[{"start":{"line":55,"column":8},"end":{"line":55,"column":8}},{"start":{"line":55,"column":8},"end":{"line":55,"column":8}}]},"3":{"line":60,"type":"if","locations":[{"start":{"line":60,"column":8},"end":{"line":60,"column":8}},{"start":{"line":60,"column":8},"end":{"line":60,"column":8}}]},"4":{"line":62,"type":"if","locations":[{"start":{"line":62,"column":8},"end":{"line":62,"column":8}},{"start":{"line":62,"column":8},"end":{"line":62,"column":8}}]},"5":{"line":64,"type":"if","locations":[{"start":{"line":64,"column":8},"end":{"line":64,"column":8}},{"start":{"line":64,"column":8},"end":{"line":64,"column":8}}]},"6":{"line":71,"type":"if","locations":[{"start":{"line":71,"column":8},"end":{"line":71,"column":8}},{"start":{"line":71,"column":8},"end":{"line":71,"column":8}}]},"7":{"line":80,"type":"if","locations":[{"start":{"line":80,"column":8},"end":{"line":80,"column":8}},{"start":{"line":80,"column":8},"end":{"line":80,"column":8}}]},"8":{"line":82,"type":"if","locations":[{"start":{"line":82,"column":8},"end":{"line":82,"column":8}},{"start":{"line":82,"column":8},"end":{"line":82,"column":8}}]},"9":{"line":122,"type":"if","locations":[{"start":{"line":122,"column":8},"end":{"line":122,"column":8}},{"start":{"line":122,"column":8},"end":{"line":122,"column":8}}]},"10":{"line":215,"type":"if","locations":[{"start":{"line":215,"column":8},"end":{"line":215,"column":8}},{"start":{"line":215,"column":8},"end":{"line":215,"column":8}}]},"11":{"line":255,"type":"if","locations":[{"start":{"line":255,"column":12},"end":{"line":255,"column":12}},{"start":{"line":255,"column":12},"end":{"line":255,"column":12}}]},"12":{"line":353,"type":"if","locations":[{"start":{"line":353,"column":12},"end":{"line":353,"column":12}},{"start":{"line":353,"column":12},"end":{"line":353,"column":12}}]},"13":{"line":376,"type":"if","locations":[{"start":{"line":376,"column":8},"end":{"line":376,"column":8}},{"start":{"line":376,"column":8},"end":{"line":376,"column":8}}]},"14":{"line":382,"type":"if","locations":[{"start":{"line":382,"column":12},"end":{"line":382,"column":12}},{"start":{"line":382,"column":12},"end":{"line":382,"column":12}}]},"15":{"line":391,"type":"if","locations":[{"start":{"line":391,"column":8},"end":{"line":391,"column":8}},{"start":{"line":391,"column":8},"end":{"line":391,"column":8}}]},"16":{"line":408,"type":"if","locations":[{"start":{"line":408,"column":12},"end":{"line":408,"column":12}},{"start":{"line":408,"column":12},"end":{"line":408,"column":12}}]},"17":{"line":416,"type":"if","locations":[{"start":{"line":416,"column":8},"end":{"line":416,"column":8}},{"start":{"line":416,"column":8},"end":{"line":416,"column":8}}]},"18":{"line":488,"type":"if","locations":[{"start":{"line":488,"column":8},"end":{"line":488,"column":8}},{"start":{"line":488,"column":8},"end":{"line":488,"column":8}}]},"19":{"line":503,"type":"if","locations":[{"start":{"line":503,"column":8},"end":{"line":503,"column":8}},{"start":{"line":503,"column":8},"end":{"line":503,"column":8}}]},"20":{"line":508,"type":"if","locations":[{"start":{"line":508,"column":8},"end":{"line":508,"column":8}},{"start":{"line":508,"column":8},"end":{"line":508,"column":8}}]},"21":{"line":520,"type":"if","locations":[{"start":{"line":520,"column":8},"end":{"line":520,"column":8}},{"start":{"line":520,"column":8},"end":{"line":520,"column":8}}]},"22":{"line":542,"type":"if","locations":[{"start":{"line":542,"column":8},"end":{"line":542,"column":8}},{"start":{"line":542,"column":8},"end":{"line":542,"column":8}}]},"23":{"line":545,"type":"if","locations":[{"start":{"line":545,"column":12},"end":{"line":545,"column":12}},{"start":{"line":545,"column":12},"end":{"line":545,"column":12}}]},"24":{"line":550,"type":"if","locations":[{"start":{"line":550,"column":16},"end":{"line":550,"column":16}},{"start":{"line":550,"column":16},"end":{"line":550,"column":16}}]},"25":{"line":566,"type":"if","locations":[{"start":{"line":566,"column":12},"end":{"line":566,"column":12}},{"start":{"line":566,"column":12},"end":{"line":566,"column":12}}]},"26":{"line":599,"type":"if","locations":[{"start":{"line":599,"column":16},"end":{"line":599,"column":16}},{"start":{"line":599,"column":16},"end":{"line":599,"column":16}}]},"27":{"line":623,"type":"if","locations":[{"start":{"line":623,"column":8},"end":{"line":623,"column":8}},{"start":{"line":623,"column":8},"end":{"line":623,"column":8}}]},"28":{"line":634,"type":"if","locations":[{"start":{"line":634,"column":8},"end":{"line":634,"column":8}},{"start":{"line":634,"column":8},"end":{"line":634,"column":8}}]},"29":{"line":639,"type":"if","locations":[{"start":{"line":639,"column":12},"end":{"line":639,"column":12}},{"start":{"line":639,"column":12},"end":{"line":639,"column":12}}]},"30":{"line":652,"type":"if","locations":[{"start":{"line":652,"column":8},"end":{"line":652,"column":8}},{"start":{"line":652,"column":8},"end":{"line":652,"column":8}}]},"31":{"line":665,"type":"if","locations":[{"start":{"line":665,"column":8},"end":{"line":665,"column":8}},{"start":{"line":665,"column":8},"end":{"line":665,"column":8}}]}}},"contracts/pools/State.sol":{"l":{"38":181,"39":171,"45":27,"46":23,"52":16,"53":12,"59":2,"60":1,"66":11,"67":10,"73":6,"74":5,"80":49,"81":48,"87":104,"88":101,"94":3,"95":3,"101":24,"102":24,"108":4,"109":4,"114":21,"115":21,"120":20,"121":20},"path":"/Users/chadchillbro7/80trill/repo/poolPartyOfficial/poolparty/contracts/pools/State.sol","s":{"1":181,"2":27,"3":16,"4":2,"5":11,"6":6,"7":49,"8":104,"9":3,"10":3,"11":24,"12":24,"13":4,"14":4,"15":21,"16":21,"17":20,"18":20},"b":{"1":[171,10],"2":[23,4],"3":[12,4],"4":[1,1],"5":[10,1],"6":[5,1],"7":[48,1],"8":[101,3]},"f":{"1":181,"2":27,"3":16,"4":2,"5":11,"6":6,"7":49,"8":104,"9":3,"10":24,"11":4,"12":21,"13":20},"fnMap":{"1":{"name":"isOpen","line":36,"loc":{"start":{"line":36,"column":4},"end":{"line":36,"column":19}}},"2":{"name":"isClosed","line":43,"loc":{"start":{"line":43,"column":4},"end":{"line":43,"column":21}}},"3":{"name":"isOpenOrClosed","line":50,"loc":{"start":{"line":50,"column":4},"end":{"line":50,"column":27}}},"4":{"name":"isCancelled","line":57,"loc":{"start":{"line":57,"column":4},"end":{"line":57,"column":24}}},"5":{"name":"isUserRefundable","line":64,"loc":{"start":{"line":64,"column":4},"end":{"line":64,"column":29}}},"6":{"name":"isAdminRefundable","line":71,"loc":{"start":{"line":71,"column":4},"end":{"line":71,"column":30}}},"7":{"name":"isAwaitingOrCompleted","line":78,"loc":{"start":{"line":78,"column":4},"end":{"line":78,"column":34}}},"8":{"name":"isCompleted","line":85,"loc":{"start":{"line":85,"column":4},"end":{"line":85,"column":24}}},"9":{"name":"setPoolToOpen","line":93,"loc":{"start":{"line":93,"column":4},"end":{"line":93,"column":50}}},"10":{"name":"setPoolToClosed","line":100,"loc":{"start":{"line":100,"column":4},"end":{"line":100,"column":50}}},"11":{"name":"setPoolToCancelled","line":107,"loc":{"start":{"line":107,"column":4},"end":{"line":107,"column":61}}},"12":{"name":"setPoolToAwaitingTokens","line":113,"loc":{"start":{"line":113,"column":4},"end":{"line":113,"column":45}}},"13":{"name":"setPoolToCompleted","line":119,"loc":{"start":{"line":119,"column":4},"end":{"line":119,"column":40}}}},"statementMap":{"1":{"start":{"line":38,"column":8},"end":{"line":38,"column":39}},"2":{"start":{"line":45,"column":8},"end":{"line":45,"column":41}},"3":{"start":{"line":52,"column":8},"end":{"line":52,"column":68}},"4":{"start":{"line":59,"column":8},"end":{"line":59,"column":44}},"5":{"start":{"line":66,"column":8},"end":{"line":66,"column":71}},"6":{"start":{"line":73,"column":8},"end":{"line":73,"column":100}},"7":{"start":{"line":80,"column":8},"end":{"line":80,"column":82}},"8":{"start":{"line":87,"column":8},"end":{"line":87,"column":44}},"9":{"start":{"line":94,"column":8},"end":{"line":94,"column":29}},"10":{"start":{"line":95,"column":8},"end":{"line":95,"column":25}},"11":{"start":{"line":101,"column":8},"end":{"line":101,"column":31}},"12":{"start":{"line":102,"column":8},"end":{"line":102,"column":27}},"13":{"start":{"line":108,"column":8},"end":{"line":108,"column":34}},"14":{"start":{"line":109,"column":8},"end":{"line":109,"column":30}},"15":{"start":{"line":114,"column":8},"end":{"line":114,"column":40}},"16":{"start":{"line":115,"column":8},"end":{"line":115,"column":35}},"17":{"start":{"line":120,"column":8},"end":{"line":120,"column":34}},"18":{"start":{"line":121,"column":8},"end":{"line":121,"column":30}}},"branchMap":{"1":{"line":38,"type":"if","locations":[{"start":{"line":38,"column":8},"end":{"line":38,"column":8}},{"start":{"line":38,"column":8},"end":{"line":38,"column":8}}]},"2":{"line":45,"type":"if","locations":[{"start":{"line":45,"column":8},"end":{"line":45,"column":8}},{"start":{"line":45,"column":8},"end":{"line":45,"column":8}}]},"3":{"line":52,"type":"if","locations":[{"start":{"line":52,"column":8},"end":{"line":52,"column":8}},{"start":{"line":52,"column":8},"end":{"line":52,"column":8}}]},"4":{"line":59,"type":"if","locations":[{"start":{"line":59,"column":8},"end":{"line":59,"column":8}},{"start":{"line":59,"column":8},"end":{"line":59,"column":8}}]},"5":{"line":66,"type":"if","locations":[{"start":{"line":66,"column":8},"end":{"line":66,"column":8}},{"start":{"line":66,"column":8},"end":{"line":66,"column":8}}]},"6":{"line":73,"type":"if","locations":[{"start":{"line":73,"column":8},"end":{"line":73,"column":8}},{"start":{"line":73,"column":8},"end":{"line":73,"column":8}}]},"7":{"line":80,"type":"if","locations":[{"start":{"line":80,"column":8},"end":{"line":80,"column":8}},{"start":{"line":80,"column":8},"end":{"line":80,"column":8}}]},"8":{"line":87,"type":"if","locations":[{"start":{"line":87,"column":8},"end":{"line":87,"column":8}},{"start":{"line":87,"column":8},"end":{"line":87,"column":8}}]}}},"contracts/pools/Whitelist.sol":{"l":{"14":85,"15":81,"20":144,"22":138,"24":139,"33":29,"48":79,"50":78,"51":248},"path":"/Users/chadchillbro7/80trill/repo/poolPartyOfficial/poolparty/contracts/pools/Whitelist.sol","s":{"1":85,"2":144,"3":138,"4":29,"5":79,"6":78,"7":248},"b":{"1":[81,4],"2":[138,6],"3":[133,5],"4":[78,1]},"f":{"1":85,"2":144,"3":29,"4":79},"fnMap":{"1":{"name":"isWhitelistEnabled","line":12,"loc":{"start":{"line":12,"column":4},"end":{"line":12,"column":31}}},"2":{"name":"canDeposit","line":19,"loc":{"start":{"line":19,"column":4},"end":{"line":19,"column":36}}},"3":{"name":"addAddressesToWhitelist","line":32,"loc":{"start":{"line":32,"column":4},"end":{"line":32,"column":67}}},"4":{"name":"addAddressesToWhitelistInternal","line":41,"loc":{"start":{"line":41,"column":4},"end":{"line":46,"column":5}}}},"statementMap":{"1":{"start":{"line":14,"column":8},"end":{"line":14,"column":28}},"2":{"start":{"line":20,"column":8},"end":{"line":20,"column":505}},"3":{"start":{"line":22,"column":12},"end":{"line":22,"column":45}},"4":{"start":{"line":33,"column":8},"end":{"line":33,"column":46}},"5":{"start":{"line":48,"column":8},"end":{"line":48,"column":33}},"6":{"start":{"line":50,"column":8},"end":{"line":50,"column":1523}},"7":{"start":{"line":51,"column":12},"end":{"line":51,"column":38}}},"branchMap":{"1":{"line":14,"type":"if","locations":[{"start":{"line":14,"column":8},"end":{"line":14,"column":8}},{"start":{"line":14,"column":8},"end":{"line":14,"column":8}}]},"2":{"line":20,"type":"if","locations":[{"start":{"line":20,"column":8},"end":{"line":20,"column":8}},{"start":{"line":20,"column":8},"end":{"line":20,"column":8}}]},"3":{"line":22,"type":"if","locations":[{"start":{"line":22,"column":12},"end":{"line":22,"column":12}},{"start":{"line":22,"column":12},"end":{"line":22,"column":12}}]},"4":{"line":48,"type":"if","locations":[{"start":{"line":48,"column":8},"end":{"line":48,"column":8}},{"start":{"line":48,"column":8},"end":{"line":48,"column":8}}]}}}}